2026-03-16T19:09:06.715+08:00  WARN 7748 --- [           main] c.a.nacos.client.logging.NacosLogging    : Load Logback Configuration of Nacos fail, message: Could not initialize Logback Nacos logging from classpath:nacos-logback.xml
2026-03-16T19:09:06.844+08:00  WARN 7748 --- [           main] c.a.nacos.client.logging.NacosLogging    : Load Logback Configuration of Nacos fail, message: Could not initialize Logback Nacos logging from classpath:nacos-logback.xml
2026-03-16T19:09:08.049+08:00  WARN 7748 --- [           main] c.a.nacos.client.logging.NacosLogging    : Load Logback Configuration of Nacos fail, message: Could not initialize Logback Nacos logging from classpath:nacos-logback.xml

  .   ____          _            __ _ _
 /\\ / ___'_ __ _ _(_)_ __  __ _ \ \ \ \
( ( )\___ | '_ | '_| | '_ \/ _` | \ \ \ \
 \\/  ___)| |_)| | | | | || (_| |  ) ) ) )
  '  |____| .__|_| |_|_| |_\__, | / / / /
 =========|_|==============|___/=/_/_/_/
 :: Spring Boot ::                (v3.1.5)

2026-03-16T19:09:08.093+08:00  WARN 7748 --- [           main] c.a.nacos.client.logging.NacosLogging    : Load Logback Configuration of Nacos fail, message: Could not initialize Logback Nacos logging from classpath:nacos-logback.xml
2026-03-16T19:09:08.096+08:00  INFO 7748 --- [           main] c.v.p.VaccineParentServiceApplication    : No active profile set, falling back to 1 default profile: "default"
2026-03-16T19:09:09.206+08:00  INFO 7748 --- [           main] .s.d.r.c.RepositoryConfigurationDelegate : Multiple Spring Data modules found, entering strict repository configuration mode
2026-03-16T19:09:09.213+08:00  INFO 7748 --- [           main] .s.d.r.c.RepositoryConfigurationDelegate : Bootstrapping Spring Data Redis repositories in DEFAULT mode.
2026-03-16T19:09:09.257+08:00  INFO 7748 --- [           main] .s.d.r.c.RepositoryConfigurationDelegate : Finished Spring Data repository scanning in 12 ms. Found 0 Redis repository interfaces.
2026-03-16T19:09:09.603+08:00  INFO 7748 --- [           main] o.s.cloud.context.scope.GenericScope     : BeanFactory id=8cf6a7ac-8f23-3f27-b60a-4575663b997a
2026-03-16T19:09:10.010+08:00 ERROR 7748 --- [           main] o.a.catalina.core.AprLifecycleListener   : An incompatible version [1.2.26] of the Apache Tomcat Native library is installed, while Tomcat requires version [1.2.34]
2026-03-16T19:09:10.420+08:00  INFO 7748 --- [           main] o.s.b.w.embedded.tomcat.TomcatWebServer  : Tomcat initialized with port(s): 8090 (http)
2026-03-16T19:09:10.438+08:00  INFO 7748 --- [           main] o.apache.catalina.core.StandardService   : Starting service [Tomcat]
2026-03-16T19:09:10.439+08:00  INFO 7748 --- [           main] o.apache.catalina.core.StandardEngine    : Starting Servlet engine: [Apache Tomcat/10.1.15]
2026-03-16T19:09:10.597+08:00  INFO 7748 --- [           main] o.a.c.c.C.[Tomcat].[localhost].[/]       : Initializing Spring embedded WebApplicationContext
2026-03-16T19:09:10.600+08:00  INFO 7748 --- [           main] w.s.c.ServletWebServerApplicationContext : Root WebApplicationContext: initialization completed in 2454 ms
 _ _   |_  _ _|_. ___ _ |    _ 
| | |\/|_)(_| | |_\  |_)||_|_\ 
     /               |         
                        3.5.3.2 
2026-03-16T19:09:13.213+08:00  INFO 7748 --- [           main] o.s.b.w.embedded.tomcat.TomcatWebServer  : Tomcat started on port(s): 8090 (http) with context path ''
2026-03-16T19:09:13.227+08:00  WARN 7748 --- [           main] c.a.nacos.client.logging.NacosLogging    : Load Logback Configuration of Nacos fail, message: Could not initialize Logback Nacos logging from classpath:nacos-logback.xml
2026-03-16T19:09:13.227+08:00  INFO 7748 --- [           main] com.alibaba.nacos.client.naming          : initializer namespace from ans.namespace attribute : null
2026-03-16T19:09:13.228+08:00  INFO 7748 --- [           main] com.alibaba.nacos.client.naming          : initializer namespace from ALIBABA_ALIWARE_NAMESPACE attribute :null
2026-03-16T19:09:13.229+08:00  INFO 7748 --- [           main] com.alibaba.nacos.client.naming          : initializer namespace from namespace attribute :null
2026-03-16T19:09:13.273+08:00  INFO 7748 --- [           main] c.alibaba.nacos.client.utils.ParamUtil   : [settings] [req-serv] nacos-server port:8848
2026-03-16T19:09:13.274+08:00  INFO 7748 --- [           main] c.alibaba.nacos.client.utils.ParamUtil   : [settings] [http-client] connect timeout:1000
2026-03-16T19:09:13.275+08:00  INFO 7748 --- [           main] c.alibaba.nacos.client.utils.ParamUtil   : PER_TASK_CONFIG_SIZE: 3000.0
2026-03-16T19:09:13.283+08:00  INFO 7748 --- [           main] c.a.n.p.a.s.c.ClientAuthPluginManager    : [ClientAuthPluginManager] Load ClientAuthService com.alibaba.nacos.client.auth.impl.NacosClientAuthServiceImpl success.
2026-03-16T19:09:13.283+08:00  INFO 7748 --- [           main] c.a.n.p.a.s.c.ClientAuthPluginManager    : [ClientAuthPluginManager] Load ClientAuthService com.alibaba.nacos.client.auth.ram.RamClientAuthServiceImpl success.
2026-03-16T19:09:13.291+08:00  INFO 7748 --- [           main] c.a.n.c.a.r.identify.CredentialWatcher   : null No credential found
2026-03-16T19:09:13.540+08:00  INFO 7748 --- [           main] com.alibaba.nacos.common.remote.client   : [RpcClientFactory] create a new rpc client of e6bfc9fa-2a16-4828-9482-bc9cfbcba3d7
2026-03-16T19:09:13.574+08:00  INFO 7748 --- [           main] com.alibaba.nacos.common.remote.client   : [e6bfc9fa-2a16-4828-9482-bc9cfbcba3d7] RpcClient init, ServerListFactory = com.alibaba.nacos.client.naming.core.ServerListManager
2026-03-16T19:09:13.575+08:00  INFO 7748 --- [           main] com.alibaba.nacos.common.remote.client   : [e6bfc9fa-2a16-4828-9482-bc9cfbcba3d7] Registry connection listener to current client:com.alibaba.nacos.client.naming.remote.gprc.redo.NamingGrpcRedoService
2026-03-16T19:09:13.576+08:00  INFO 7748 --- [           main] com.alibaba.nacos.common.remote.client   : [e6bfc9fa-2a16-4828-9482-bc9cfbcba3d7] Register server push request handler:com.alibaba.nacos.client.naming.remote.gprc.NamingPushRequestHandler
2026-03-16T19:09:13.580+08:00  INFO 7748 --- [           main] com.alibaba.nacos.common.remote.client   : [e6bfc9fa-2a16-4828-9482-bc9cfbcba3d7] Try to connect to server on start up, server: {serverIp = 'localhost', server main port = 8848}
2026-03-16T19:09:13.626+08:00  INFO 7748 --- [           main] c.a.n.c.remote.client.grpc.GrpcClient    : grpc client connection server:localhost ip,serverPort:9848,grpcTslConfig:{"sslProvider":"OPENSSL","enableTls":false,"mutualAuthEnable":false,"trustAll":false}
2026-03-16T19:09:14.911+08:00  INFO 7748 --- [           main] com.alibaba.nacos.common.remote.client   : [e6bfc9fa-2a16-4828-9482-bc9cfbcba3d7] Success to connect to server [localhost:8848] on start up, connectionId = 1773659354724_127.0.0.1_51067
2026-03-16T19:09:14.912+08:00  INFO 7748 --- [t.remote.worker] com.alibaba.nacos.common.remote.client   : [e6bfc9fa-2a16-4828-9482-bc9cfbcba3d7] Notify connected event to listeners.
2026-03-16T19:09:14.912+08:00  INFO 7748 --- [           main] com.alibaba.nacos.common.remote.client   : [e6bfc9fa-2a16-4828-9482-bc9cfbcba3d7] Register server push request handler:com.alibaba.nacos.common.remote.client.RpcClient$ConnectResetRequestHandler
2026-03-16T19:09:14.912+08:00  INFO 7748 --- [t.remote.worker] com.alibaba.nacos.client.naming          : Grpc connection connect
2026-03-16T19:09:14.912+08:00  INFO 7748 --- [           main] com.alibaba.nacos.common.remote.client   : [e6bfc9fa-2a16-4828-9482-bc9cfbcba3d7] Register server push request handler:com.alibaba.nacos.common.remote.client.RpcClient$$Lambda$1112/0x000001904177c6e8
2026-03-16T19:09:14.914+08:00  INFO 7748 --- [           main] com.alibaba.nacos.client.naming          : [REGISTER-SERVICE] dev registering service vaccine-parent-service with instance Instance{instanceId='null', ip='192.168.1.31', port=8090, weight=1.0, healthy=true, enabled=true, ephemeral=true, clusterName='DEFAULT', serviceName='null', metadata={IPv6=[240e:342:b269:db00:f940:8211:fcd8:fba1], preserved.register.source=SPRING_CLOUD}}
2026-03-16T19:09:14.929+08:00  INFO 7748 --- [           main] c.a.c.n.registry.NacosServiceRegistry    : nacos registry, DEFAULT_GROUP vaccine-parent-service 192.168.1.31:8090 register finished
2026-03-16T19:09:15.162+08:00  INFO 7748 --- [           main] c.v.p.VaccineParentServiceApplication    : Started VaccineParentServiceApplication in 9.526 seconds (process running for 10.508)
========================================
ĽŇł¤·ţÎńĆô¶ŻłÉą¦Łˇ
¶ËżÚ: 8090
========================================
2026-03-16T19:09:43.048+08:00  INFO 7748 --- [nio-8090-exec-1] o.a.c.c.C.[Tomcat].[localhost].[/]       : Initializing Spring DispatcherServlet 'dispatcherServlet'
2026-03-16T19:09:43.049+08:00  INFO 7748 --- [nio-8090-exec-1] o.s.web.servlet.DispatcherServlet        : Initializing Servlet 'dispatcherServlet'
2026-03-16T19:09:43.050+08:00  INFO 7748 --- [nio-8090-exec-1] o.s.web.servlet.DispatcherServlet        : Completed initialization in 1 ms
2026-03-16T19:09:43.312+08:00  INFO 7748 --- [nio-8090-exec-1] com.alibaba.druid.pool.DruidDataSource   : {dataSource-1} inited
2026-03-16T19:09:43.485+08:00 DEBUG 7748 --- [nio-8090-exec-1] c.v.p.mapper.ParentMapper.selectCount    : ==>  Preparing: SELECT COUNT( * ) AS total FROM parent WHERE deleted=0
2026-03-16T19:09:43.512+08:00 DEBUG 7748 --- [nio-8090-exec-1] c.v.p.mapper.ParentMapper.selectCount    : ==> Parameters: 
2026-03-16T19:09:43.537+08:00 DEBUG 7748 --- [nio-8090-exec-1] c.v.p.mapper.ParentMapper.selectCount    : <==      Total: 1
2026-03-16T19:10:31.561+08:00 DEBUG 7748 --- [nio-8090-exec-3] c.v.p.mapper.ParentMapper.selectList     : ==>  Preparing: SELECT id,openid,unionid,nickname,avatar,gender,country,province,city,language,phone,email,status,last_login_time,last_login_ip,create_time,update_time,create_by,update_by,deleted FROM parent WHERE deleted=0 AND (openid = ? AND deleted = ?)
2026-03-16T19:10:31.561+08:00 DEBUG 7748 --- [nio-8090-exec-3] c.v.p.mapper.ParentMapper.selectList     : ==> Parameters: null, 0(Integer)
2026-03-16T19:10:31.563+08:00 DEBUG 7748 --- [nio-8090-exec-3] c.v.p.mapper.ParentMapper.selectList     : <==      Total: 0
2026-03-16T19:10:31.567+08:00 DEBUG 7748 --- [nio-8090-exec-3] c.v.parent.mapper.ParentMapper.insert    : ==>  Preparing: INSERT INTO parent ( nickname, status, last_login_time, create_time, update_time, create_by, update_by ) VALUES ( ?, ?, ?, ?, ?, ?, ? )
2026-03-16T19:10:31.567+08:00 DEBUG 7748 --- [nio-8090-exec-3] c.v.parent.mapper.ParentMapper.insert    : ==> Parameters: ????(String), 1(Integer), 2026-03-16T19:10:31.564714700(LocalDateTime), null, null, null, null
2026-03-16T19:21:02.833+08:00 DEBUG 7748 --- [nio-8090-exec-4] c.v.p.mapper.ParentMapper.selectCount    : ==>  Preparing: SELECT COUNT( * ) AS total FROM parent WHERE deleted=0
2026-03-16T19:21:02.834+08:00 DEBUG 7748 --- [nio-8090-exec-4] c.v.p.mapper.ParentMapper.selectCount    : ==> Parameters: 
2026-03-16T19:21:02.835+08:00 DEBUG 7748 --- [nio-8090-exec-4] c.v.p.mapper.ParentMapper.selectCount    : <==      Total: 1
2026-03-16T19:51:39.860+08:00 DEBUG 7748 --- [nio-8090-exec-7] c.v.p.mapper.ParentMapper.selectCount    : ==>  Preparing: SELECT COUNT( * ) AS total FROM parent WHERE deleted=0
2026-03-16T19:51:39.867+08:00 DEBUG 7748 --- [nio-8090-exec-7] c.v.p.mapper.ParentMapper.selectCount    : ==> Parameters: 
2026-03-16T19:51:39.871+08:00 DEBUG 7748 --- [nio-8090-exec-7] c.v.p.mapper.ParentMapper.selectCount    : <==      Total: 1
2026-03-16T19:55:29.449+08:00 DEBUG 7748 --- [nio-8090-exec-8] c.v.p.mapper.ParentMapper.selectList     : ==>  Preparing: SELECT id,openid,unionid,nickname,avatar,gender,country,province,city,language,phone,email,status,last_login_time,last_login_ip,create_time,update_time,create_by,update_by,deleted FROM parent WHERE deleted=0 AND (openid = ? AND deleted = ?)
2026-03-16T19:55:29.452+08:00 DEBUG 7748 --- [nio-8090-exec-8] c.v.p.mapper.ParentMapper.selectList     : ==> Parameters: null, 0(Integer)
2026-03-16T20:00:54.871+08:00 DEBUG 7748 --- [nio-8090-exec-1] c.v.p.mapper.ParentMapper.selectList     : ==>  Preparing: SELECT id,openid,unionid,nickname,avatar,gender,country,province,city,language,phone,email,status,last_login_time,last_login_ip,create_time,update_time,create_by,update_by,deleted FROM parent WHERE deleted=0 AND (openid = ? AND deleted = ?)
2026-03-16T20:00:54.873+08:00 DEBUG 7748 --- [nio-8090-exec-1] c.v.p.mapper.ParentMapper.selectList     : ==> Parameters: null, 0(Integer)
2026-03-16T20:05:18.685+08:00 DEBUG 7748 --- [nio-8090-exec-3] c.v.p.mapper.ParentMapper.selectList     : ==>  Preparing: SELECT id,openid,unionid,nickname,avatar,gender,country,province,city,language,phone,email,status,last_login_time,last_login_ip,create_time,update_time,create_by,update_by,deleted FROM parent WHERE deleted=0 AND (openid = ? AND deleted = ?)
2026-03-16T20:05:18.694+08:00 DEBUG 7748 --- [nio-8090-exec-3] c.v.p.mapper.ParentMapper.selectList     : ==> Parameters: null, 0(Integer)
2026-03-16T20:05:18.698+08:00 DEBUG 7748 --- [nio-8090-exec-3] c.v.p.mapper.ParentMapper.selectList     : <==      Total: 0
2026-03-16T20:05:18.702+08:00 DEBUG 7748 --- [nio-8090-exec-3] c.v.parent.mapper.ParentMapper.insert    : ==>  Preparing: INSERT INTO parent ( nickname, country, province, city, language, status, last_login_time, create_time, update_time, create_by, update_by ) VALUES ( ?, ?, ?, ?, ?, ?, ?, ?, ?, ?, ? )
2026-03-16T20:05:18.707+08:00 DEBUG 7748 --- [nio-8090-exec-3] c.v.parent.mapper.ParentMapper.insert    : ==> Parameters: ????(String), ??(String), ??(String), ??(String), zh_CN(String), 1(Integer), 2026-03-16T20:05:18.699769800(LocalDateTime), null, null, null, null
2026-03-16T20:05:47.598+08:00 DEBUG 7748 --- [nio-8090-exec-5] c.v.p.mapper.ParentMapper.selectList     : ==>  Preparing: SELECT id,openid,unionid,nickname,avatar,gender,country,province,city,language,phone,email,status,last_login_time,last_login_ip,create_time,update_time,create_by,update_by,deleted FROM parent WHERE deleted=0 AND (openid = ? AND deleted = ?)
2026-03-16T20:05:47.599+08:00 DEBUG 7748 --- [nio-8090-exec-5] c.v.p.mapper.ParentMapper.selectList     : ==> Parameters: test_openid_temp_001(String), 0(Integer)
2026-03-16T20:05:47.600+08:00 DEBUG 7748 --- [nio-8090-exec-5] c.v.p.mapper.ParentMapper.selectList     : <==      Total: 0
2026-03-16T20:05:47.601+08:00 DEBUG 7748 --- [nio-8090-exec-5] c.v.parent.mapper.ParentMapper.insert    : ==>  Preparing: INSERT INTO parent ( openid, nickname, country, province, city, language, status, last_login_time, create_time, update_time, create_by, update_by ) VALUES ( ?, ?, ?, ?, ?, ?, ?, ?, ?, ?, ?, ? )
2026-03-16T20:05:47.606+08:00 DEBUG 7748 --- [nio-8090-exec-5] c.v.parent.mapper.ParentMapper.insert    : ==> Parameters: test_openid_temp_001(String), ????(String), ??(String), ??(String), ??(String), zh_CN(String), 1(Integer), 2026-03-16T20:05:47.601669(LocalDateTime), null, null, null, null
2026-03-16T20:05:47.610+08:00 DEBUG 7748 --- [nio-8090-exec-5] c.v.parent.mapper.ParentMapper.insert    : <==    Updates: 1
